\BOOKMARK [0][-]{section*.4}{Acknowledgments}{}% 1
\BOOKMARK [0][-]{section*.5}{Dedication}{}% 2
\BOOKMARK [0][-]{section*.6}{Introduction or Preface}{}% 3
\BOOKMARK [0][-]{chapter.1}{The Standard Model}{}% 4
\BOOKMARK [0][-]{chapter.2}{The Large Hadron Collider}{}% 5
\BOOKMARK [1][-]{section.2.1}{Accelerator Physics}{chapter.2}% 6
\BOOKMARK [2][-]{subsection.2.1.1}{The Journey of a Proton}{section.2.1}% 7
\BOOKMARK [2][-]{subsection.2.1.2}{Luminosity}{section.2.1}% 8
\BOOKMARK [0][-]{chapter.3}{The ATLAS Detector}{}% 9
\BOOKMARK [1][-]{section.3.1}{Coordinate System and Geometry}{chapter.3}% 10
\BOOKMARK [1][-]{section.3.2}{Inner Detector}{chapter.3}% 11
\BOOKMARK [2][-]{subsection.3.2.1}{Pixel Detector}{section.3.2}% 12
\BOOKMARK [2][-]{subsection.3.2.2}{Semiconductor Tracker}{section.3.2}% 13
\BOOKMARK [2][-]{subsection.3.2.3}{Transition Radiation Tracker}{section.3.2}% 14
\BOOKMARK [1][-]{section.3.3}{Calorimeters}{chapter.3}% 15
\BOOKMARK [1][-]{section.3.4}{Liquid Argon Calorimeter}{chapter.3}% 16
\BOOKMARK [0][-]{section*.7}{Conclusion or Epilogue}{}% 17
\BOOKMARK [0][-]{section*.8}{References}{}% 18
\BOOKMARK [0][-]{appendix.a.A}{ Experimental Equipment}{}% 19
\BOOKMARK [0][-]{appendix.a.B}{Data Processing}{}% 20
